<?xml version="1.0" encoding="UTF-8" ?>
<testsuite failures="0" time="1.277" errors="1" skipped="0" tests="1" name="com.springapp.batch.AppTests">
  <properties>
[...]
</properties>
  <testcase time="1.126" classname="com.springapp.batch.AppTests" name="testJob">
    <error message="Failed to load ApplicationContext" type="java.lang.IllegalStateException">java.lang.IllegalStateException: Failed to load ApplicationContext
	at org.springframework.test.context.TestContext.getApplicationContext(TestContext.java:157)
	at org.springframework.test.context.support.DependencyInjectionTestExecutionListener.injectDependencies(DependencyInjectionTestExecutionListener.java:109)
	at org.springframework.test.context.support.DependencyInjectionTestExecutionListener.prepareTestInstance(DependencyInjectionTestExecutionListener.java:75)
	at org.springframework.test.context.TestContextManager.prepareTestInstance(TestContextManager.java:313)
	at org.springframework.test.context.junit4.SpringJUnit4ClassRunner.createTest(SpringJUnit4ClassRunner.java:211)
	at org.springframework.test.context.junit4.SpringJUnit4ClassRunner$1.runReflectiveCall(SpringJUnit4ClassRunner.java:288)
	at org.junit.internal.runners.model.ReflectiveCallable.run(ReflectiveCallable.java:15)
	at org.springframework.test.context.junit4.SpringJUnit4ClassRunner.methodBlock(SpringJUnit4ClassRunner.java:284)
	at org.springframework.test.context.junit4.SpringJUnit4ClassRunner.runChild(SpringJUnit4ClassRunner.java:231)
	at org.springframework.test.context.junit4.SpringJUnit4ClassRunner.runChild(SpringJUnit4ClassRunner.java:88)
	at org.junit.runners.ParentRunner$3.run(ParentRunner.java:193)
	at org.junit.runners.ParentRunner$1.schedule(ParentRunner.java:52)
	at org.junit.runners.ParentRunner.runChildren(ParentRunner.java:191)
	at org.junit.runners.ParentRunner.access$000(ParentRunner.java:42)
	at org.junit.runners.ParentRunner$2.evaluate(ParentRunner.java:184)
	at org.springframework.test.context.junit4.statements.RunBeforeTestClassCallbacks.evaluate(RunBeforeTestClassCallbacks.java:61)
	at org.springframework.test.context.junit4.statements.RunAfterTestClassCallbacks.evaluate(RunAfterTestClassCallbacks.java:71)
	at org.junit.runners.ParentRunner.run(ParentRunner.java:236)
	at org.springframework.test.context.junit4.SpringJUnit4ClassRunner.run(SpringJUnit4ClassRunner.java:174)
	at org.apache.maven.surefire.junit4.JUnit4TestSet.execute(JUnit4TestSet.java:53)
	at org.apache.maven.surefire.junit4.JUnit4Provider.executeTestSet(JUnit4Provider.java:123)
	at org.apache.maven.surefire.junit4.JUnit4Provider.invoke(JUnit4Provider.java:104)
	at sun.reflect.NativeMethodAccessorImpl.invoke0(Native Method)
	at sun.reflect.NativeMethodAccessorImpl.invoke(NativeMethodAccessorImpl.java:39)
	at sun.reflect.DelegatingMethodAccessorImpl.invoke(DelegatingMethodAccessorImpl.java:25)
	at java.lang.reflect.Method.invoke(Method.java:597)
	at org.apache.maven.surefire.util.ReflectionUtils.invokeMethodWithArray(ReflectionUtils.java:164)
	at org.apache.maven.surefire.booter.ProviderFactory$ProviderProxy.invoke(ProviderFactory.java:110)
	at org.apache.maven.surefire.booter.SurefireStarter.invokeProvider(SurefireStarter.java:175)
	at org.apache.maven.surefire.booter.SurefireStarter.runSuitesInProcessWhenForked(SurefireStarter.java:107)
	at org.apache.maven.surefire.booter.ForkedBooter.main(ForkedBooter.java:68)
Caused by: org.springframework.beans.factory.BeanCreationException: Error creating bean with name &apos;org.springframework.jdbc.datasource.init.DataSourceInitializer#0&apos;: Invocation of init method failed; nested exception is org.springframework.dao.DataAccessResourceFailureException: Failed to execute database script; nested exception is org.springframework.jdbc.datasource.init.ScriptStatementFailedException: Failed to execute SQL script statement at line 1 of resource class path resource [org/springframework/batch/core/schema-mysql.sql]: CREATE TABLE BATCH_JOB_INSTANCE ( JOB_INSTANCE_ID BIGINT NOT NULL PRIMARY KEY , VERSION BIGINT , JOB_NAME VARCHAR(100) NOT NULL, JOB_KEY VARCHAR(32) NOT NULL, constraint JOB_INST_UN unique (JOB_NAME, JOB_KEY) ) ENGINE=InnoDB
	at org.springframework.beans.factory.support.AbstractAutowireCapableBeanFactory.initializeBean(AbstractAutowireCapableBeanFactory.java:1486)
	at org.springframework.beans.factory.support.AbstractAutowireCapableBeanFactory.doCreateBean(AbstractAutowireCapableBeanFactory.java:524)
	at org.springframework.beans.factory.support.AbstractAutowireCapableBeanFactory.createBean(AbstractAutowireCapableBeanFactory.java:461)
	at org.springframework.beans.factory.support.AbstractBeanFactory$1.getObject(AbstractBeanFactory.java:295)
	at org.springframework.beans.factory.support.DefaultSingletonBeanRegistry.getSingleton(DefaultSingletonBeanRegistry.java:223)
	at org.springframework.beans.factory.support.AbstractBeanFactory.doGetBean(AbstractBeanFactory.java:292)
	at org.springframework.beans.factory.support.AbstractBeanFactory.getBean(AbstractBeanFactory.java:194)
	at org.springframework.beans.factory.support.DefaultListableBeanFactory.preInstantiateSingletons(DefaultListableBeanFactory.java:607)
	at org.springframework.context.support.AbstractApplicationContext.finishBeanFactoryInitialization(AbstractApplicationContext.java:932)
	at org.springframework.context.support.AbstractApplicationContext.refresh(AbstractApplicationContext.java:479)
	at org.springframework.test.context.support.AbstractGenericContextLoader.loadContext(AbstractGenericContextLoader.java:106)
	at org.springframework.test.context.support.AbstractGenericContextLoader.loadContext(AbstractGenericContextLoader.java:57)
	at org.springframework.test.context.support.AbstractDelegatingSmartContextLoader.delegateLoading(AbstractDelegatingSmartContextLoader.java:100)
	at org.springframework.test.context.support.AbstractDelegatingSmartContextLoader.loadContext(AbstractDelegatingSmartContextLoader.java:248)
	at org.springframework.test.context.TestContext.loadApplicationContext(TestContext.java:124)
	at org.springframework.test.context.TestContext.getApplicationContext(TestContext.java:148)
	... 30 more
Caused by: org.springframework.dao.DataAccessResourceFailureException: Failed to execute database script; nested exception is org.springframework.jdbc.datasource.init.ScriptStatementFailedException: Failed to execute SQL script statement at line 1 of resource class path resource [org/springframework/batch/core/schema-mysql.sql]: CREATE TABLE BATCH_JOB_INSTANCE ( JOB_INSTANCE_ID BIGINT NOT NULL PRIMARY KEY , VERSION BIGINT , JOB_NAME VARCHAR(100) NOT NULL, JOB_KEY VARCHAR(32) NOT NULL, constraint JOB_INST_UN unique (JOB_NAME, JOB_KEY) ) ENGINE=InnoDB
	at org.springframework.jdbc.datasource.init.DatabasePopulatorUtils.execute(DatabasePopulatorUtils.java:56)
	at org.springframework.jdbc.datasource.init.DataSourceInitializer.afterPropertiesSet(DataSourceInitializer.java:83)
	at org.springframework.beans.factory.support.AbstractAutowireCapableBeanFactory.invokeInitMethods(AbstractAutowireCapableBeanFactory.java:1545)
	at org.springframework.beans.factory.support.AbstractAutowireCapableBeanFactory.initializeBean(AbstractAutowireCapableBeanFactory.java:1483)
	... 45 more
Caused by: org.springframework.jdbc.datasource.init.ScriptStatementFailedException: Failed to execute SQL script statement at line 1 of resource class path resource [org/springframework/batch/core/schema-mysql.sql]: CREATE TABLE BATCH_JOB_INSTANCE ( JOB_INSTANCE_ID BIGINT NOT NULL PRIMARY KEY , VERSION BIGINT , JOB_NAME VARCHAR(100) NOT NULL, JOB_KEY VARCHAR(32) NOT NULL, constraint JOB_INST_UN unique (JOB_NAME, JOB_KEY) ) ENGINE=InnoDB
	at org.springframework.jdbc.datasource.init.ResourceDatabasePopulator.executeSqlScript(ResourceDatabasePopulator.java:201)
	at org.springframework.jdbc.datasource.init.ResourceDatabasePopulator.populate(ResourceDatabasePopulator.java:134)
	at org.springframework.jdbc.datasource.init.CompositeDatabasePopulator.populate(CompositeDatabasePopulator.java:55)
	at org.springframework.jdbc.datasource.init.DatabasePopulatorUtils.execute(DatabasePopulatorUtils.java:47)
	... 48 more
Caused by: com.mysql.jdbc.exceptions.jdbc4.MySQLSyntaxErrorException: Table &apos;batch_job_instance&apos; already exists
	at sun.reflect.NativeConstructorAccessorImpl.newInstance0(Native Method)
	at sun.reflect.NativeConstructorAccessorImpl.newInstance(NativeConstructorAccessorImpl.java:39)
	at sun.reflect.DelegatingConstructorAccessorImpl.newInstance(DelegatingConstructorAccessorImpl.java:27)
	at java.lang.reflect.Constructor.newInstance(Constructor.java:513)
	at com.mysql.jdbc.Util.handleNewInstance(Util.java:406)
	at com.mysql.jdbc.Util.getInstance(Util.java:381)
	at com.mysql.jdbc.SQLError.createSQLException(SQLError.java:1030)
	at com.mysql.jdbc.SQLError.createSQLException(SQLError.java:956)
	at com.mysql.jdbc.MysqlIO.checkErrorPacket(MysqlIO.java:3491)
	at com.mysql.jdbc.MysqlIO.checkErrorPacket(MysqlIO.java:3423)
	at com.mysql.jdbc.MysqlIO.sendCommand(MysqlIO.java:1936)
	at com.mysql.jdbc.MysqlIO.sqlQueryDirect(MysqlIO.java:2060)
	at com.mysql.jdbc.ConnectionImpl.execSQL(ConnectionImpl.java:2536)
	at com.mysql.jdbc.ConnectionImpl.execSQL(ConnectionImpl.java:2465)
	at com.mysql.jdbc.StatementImpl.execute(StatementImpl.java:734)
	at org.apache.commons.dbcp.DelegatingStatement.execute(DelegatingStatement.java:264)
	at org.apache.commons.dbcp.DelegatingStatement.execute(DelegatingStatement.java:264)
	at org.springframework.jdbc.datasource.init.ResourceDatabasePopulator.executeSqlScript(ResourceDatabasePopulator.java:186)
	... 51 more
</error>
    <system-err>Feb 12, 2014 9:15:08 AM org.springframework.beans.factory.xml.XmlBeanDefinitionReader loadBeanDefinitions
INFO: Loading XML bean definitions from class path resource [spring-config.xml]
Feb 12, 2014 9:15:09 AM org.springframework.beans.factory.support.DefaultListableBeanFactory registerBeanDefinition
INFO: Overriding bean definition for bean &apos;sampleJob&apos;: replacing [Generic bean: class [org.springframework.batch.core.configuration.xml.SimpleFlowFactoryBean]; scope=; abstract=false; lazyInit=false; autowireMode=0; dependencyCheck=0; autowireCandidate=true; primary=false; factoryBeanName=null; factoryMethodName=null; initMethodName=null; destroyMethodName=null] with [Generic bean: class [org.springframework.batch.core.configuration.xml.JobParserJobFactoryBean]; scope=; abstract=false; lazyInit=false; autowireMode=0; dependencyCheck=0; autowireCandidate=true; primary=false; factoryBeanName=null; factoryMethodName=null; initMethodName=null; destroyMethodName=null]
Feb 12, 2014 9:15:09 AM org.springframework.context.support.AbstractApplicationContext prepareRefresh
INFO: Refreshing org.springframework.context.support.GenericApplicationContext@4760a26f: startup date [Wed Feb 12 09:15:09 CET 2014]; root of context hierarchy
Feb 12, 2014 9:15:09 AM org.springframework.beans.factory.support.DefaultListableBeanFactory preInstantiateSingletons
INFO: Pre-instantiating singletons in org.springframework.beans.factory.support.DefaultListableBeanFactory@1e81a197: defining beans [dataSource,org.springframework.jdbc.datasource.init.DataSourceInitializer#0,transactionManager,jobLauncher,jobRepository,mapJobRepository,jobOperator,jobExplorer,jobRegistry,jdbcTemplate,lobHandler,sampleReader,sampleLineMapper,sampleMapper,sampleLineTokenizer,sampleWriter,org.springframework.batch.core.scope.internalStepScope,org.springframework.beans.factory.config.CustomEditorConfigurer,org.springframework.batch.core.configuration.xml.CoreNamespacePostProcessor,stepOne,sampleJob,org.springframework.context.annotation.internalConfigurationAnnotationProcessor,org.springframework.context.annotation.internalAutowiredAnnotationProcessor,org.springframework.context.annotation.internalRequiredAnnotationProcessor,org.springframework.context.annotation.internalCommonAnnotationProcessor,org.springframework.context.annotation.ConfigurationClassPostProcessor.importAwareProcessor]; root of factory hierarchy
Feb 12, 2014 9:15:09 AM org.springframework.jdbc.datasource.init.ResourceDatabasePopulator executeSqlScript
INFO: Executing SQL script from class path resource [org/springframework/batch/core/schema-mysql.sql]
Feb 12, 2014 9:15:09 AM org.springframework.beans.factory.support.DefaultSingletonBeanRegistry destroySingletons
INFO: Destroying singletons in org.springframework.beans.factory.support.DefaultListableBeanFactory@1e81a197: defining beans [dataSource,org.springframework.jdbc.datasource.init.DataSourceInitializer#0,transactionManager,jobLauncher,jobRepository,mapJobRepository,jobOperator,jobExplorer,jobRegistry,jdbcTemplate,lobHandler,sampleReader,sampleLineMapper,sampleMapper,sampleLineTokenizer,sampleWriter,org.springframework.batch.core.scope.internalStepScope,org.springframework.beans.factory.config.CustomEditorConfigurer,org.springframework.batch.core.configuration.xml.CoreNamespacePostProcessor,stepOne,sampleJob,org.springframework.context.annotation.internalConfigurationAnnotationProcessor,org.springframework.context.annotation.internalAutowiredAnnotationProcessor,org.springframework.context.annotation.internalRequiredAnnotationProcessor,org.springframework.context.annotation.internalCommonAnnotationProcessor,org.springframework.context.annotation.ConfigurationClassPostProcessor.importAwareProcessor]; root of factory hierarchy
Feb 12, 2014 9:15:09 AM org.springframework.test.context.TestContextManager prepareTestInstance
SEVERE: Caught exception while allowing TestExecutionListener [org.springframework.test.context.support.DependencyInjectionTestExecutionListener@746a63d3] to prepare test instance [com.springapp.batch.AppTests@74bfed5a]
java.lang.IllegalStateException: Failed to load ApplicationContext
	at org.springframework.test.context.TestContext.getApplicationContext(TestContext.java:157)
	at org.springframework.test.context.support.DependencyInjectionTestExecutionListener.injectDependencies(DependencyInjectionTestExecutionListener.java:109)
	at org.springframework.test.context.support.DependencyInjectionTestExecutionListener.prepareTestInstance(DependencyInjectionTestExecutionListener.java:75)
	at org.springframework.test.context.TestContextManager.prepareTestInstance(TestContextManager.java:313)
	at org.springframework.test.context.junit4.SpringJUnit4ClassRunner.createTest(SpringJUnit4ClassRunner.java:211)
	at org.springframework.test.context.junit4.SpringJUnit4ClassRunner$1.runReflectiveCall(SpringJUnit4ClassRunner.java:288)
	at org.junit.internal.runners.model.ReflectiveCallable.run(ReflectiveCallable.java:15)
	at org.springframework.test.context.junit4.SpringJUnit4ClassRunner.methodBlock(SpringJUnit4ClassRunner.java:284)
	at org.springframework.test.context.junit4.SpringJUnit4ClassRunner.runChild(SpringJUnit4ClassRunner.java:231)
	at org.springframework.test.context.junit4.SpringJUnit4ClassRunner.runChild(SpringJUnit4ClassRunner.java:88)
	at org.junit.runners.ParentRunner$3.run(ParentRunner.java:193)
	at org.junit.runners.ParentRunner$1.schedule(ParentRunner.java:52)
	at org.junit.runners.ParentRunner.runChildren(ParentRunner.java:191)
	at org.junit.runners.ParentRunner.access$000(ParentRunner.java:42)
	at org.junit.runners.ParentRunner$2.evaluate(ParentRunner.java:184)
	at org.springframework.test.context.junit4.statements.RunBeforeTestClassCallbacks.evaluate(RunBeforeTestClassCallbacks.java:61)
	at org.springframework.test.context.junit4.statements.RunAfterTestClassCallbacks.evaluate(RunAfterTestClassCallbacks.java:71)
	at org.junit.runners.ParentRunner.run(ParentRunner.java:236)
	at org.springframework.test.context.junit4.SpringJUnit4ClassRunner.run(SpringJUnit4ClassRunner.java:174)
	at org.apache.maven.surefire.junit4.JUnit4TestSet.execute(JUnit4TestSet.java:53)
	at org.apache.maven.surefire.junit4.JUnit4Provider.executeTestSet(JUnit4Provider.java:123)
	at org.apache.maven.surefire.junit4.JUnit4Provider.invoke(JUnit4Provider.java:104)
	at sun.reflect.NativeMethodAccessorImpl.invoke0(Native Method)
	at sun.reflect.NativeMethodAccessorImpl.invoke(NativeMethodAccessorImpl.java:39)
	at sun.reflect.DelegatingMethodAccessorImpl.invoke(DelegatingMethodAccessorImpl.java:25)
	at java.lang.reflect.Method.invoke(Method.java:597)
	at org.apache.maven.surefire.util.ReflectionUtils.invokeMethodWithArray(ReflectionUtils.java:164)
	at org.apache.maven.surefire.booter.ProviderFactory$ProviderProxy.invoke(ProviderFactory.java:110)
	at org.apache.maven.surefire.booter.SurefireStarter.invokeProvider(SurefireStarter.java:175)
	at org.apache.maven.surefire.booter.SurefireStarter.runSuitesInProcessWhenForked(SurefireStarter.java:107)
	at org.apache.maven.surefire.booter.ForkedBooter.main(ForkedBooter.java:68)
Caused by: org.springframework.beans.factory.BeanCreationException: Error creating bean with name &apos;org.springframework.jdbc.datasource.init.DataSourceInitializer#0&apos;: Invocation of init method failed; nested exception is org.springframework.dao.DataAccessResourceFailureException: Failed to execute database script; nested exception is org.springframework.jdbc.datasource.init.ScriptStatementFailedException: Failed to execute SQL script statement at line 1 of resource class path resource [org/springframework/batch/core/schema-mysql.sql]: CREATE TABLE BATCH_JOB_INSTANCE ( JOB_INSTANCE_ID BIGINT NOT NULL PRIMARY KEY , VERSION BIGINT , JOB_NAME VARCHAR(100) NOT NULL, JOB_KEY VARCHAR(32) NOT NULL, constraint JOB_INST_UN unique (JOB_NAME, JOB_KEY) ) ENGINE=InnoDB
	at org.springframework.beans.factory.support.AbstractAutowireCapableBeanFactory.initializeBean(AbstractAutowireCapableBeanFactory.java:1486)
	at org.springframework.beans.factory.support.AbstractAutowireCapableBeanFactory.doCreateBean(AbstractAutowireCapableBeanFactory.java:524)
	at org.springframework.beans.factory.support.AbstractAutowireCapableBeanFactory.createBean(AbstractAutowireCapableBeanFactory.java:461)
	at org.springframework.beans.factory.support.AbstractBeanFactory$1.getObject(AbstractBeanFactory.java:295)
	at org.springframework.beans.factory.support.DefaultSingletonBeanRegistry.getSingleton(DefaultSingletonBeanRegistry.java:223)
	at org.springframework.beans.factory.support.AbstractBeanFactory.doGetBean(AbstractBeanFactory.java:292)
	at org.springframework.beans.factory.support.AbstractBeanFactory.getBean(AbstractBeanFactory.java:194)
	at org.springframework.beans.factory.support.DefaultListableBeanFactory.preInstantiateSingletons(DefaultListableBeanFactory.java:607)
	at org.springframework.context.support.AbstractApplicationContext.finishBeanFactoryInitialization(AbstractApplicationContext.java:932)
	at org.springframework.context.support.AbstractApplicationContext.refresh(AbstractApplicationContext.java:479)
	at org.springframework.test.context.support.AbstractGenericContextLoader.loadContext(AbstractGenericContextLoader.java:106)
	at org.springframework.test.context.support.AbstractGenericContextLoader.loadContext(AbstractGenericContextLoader.java:57)
	at org.springframework.test.context.support.AbstractDelegatingSmartContextLoader.delegateLoading(AbstractDelegatingSmartContextLoader.java:100)
	at org.springframework.test.context.support.AbstractDelegatingSmartContextLoader.loadContext(AbstractDelegatingSmartContextLoader.java:248)
	at org.springframework.test.context.TestContext.loadApplicationContext(TestContext.java:124)
	at org.springframework.test.context.TestContext.getApplicationContext(TestContext.java:148)
	... 30 more
Caused by: org.springframework.dao.DataAccessResourceFailureException: Failed to execute database script; nested exception is org.springframework.jdbc.datasource.init.ScriptStatementFailedException: Failed to execute SQL script statement at line 1 of resource class path resource [org/springframework/batch/core/schema-mysql.sql]: CREATE TABLE BATCH_JOB_INSTANCE ( JOB_INSTANCE_ID BIGINT NOT NULL PRIMARY KEY , VERSION BIGINT , JOB_NAME VARCHAR(100) NOT NULL, JOB_KEY VARCHAR(32) NOT NULL, constraint JOB_INST_UN unique (JOB_NAME, JOB_KEY) ) ENGINE=InnoDB
	at org.springframework.jdbc.datasource.init.DatabasePopulatorUtils.execute(DatabasePopulatorUtils.java:56)
	at org.springframework.jdbc.datasource.init.DataSourceInitializer.afterPropertiesSet(DataSourceInitializer.java:83)
	at org.springframework.beans.factory.support.AbstractAutowireCapableBeanFactory.invokeInitMethods(AbstractAutowireCapableBeanFactory.java:1545)
	at org.springframework.beans.factory.support.AbstractAutowireCapableBeanFactory.initializeBean(AbstractAutowireCapableBeanFactory.java:1483)
	... 45 more
Caused by: org.springframework.jdbc.datasource.init.ScriptStatementFailedException: Failed to execute SQL script statement at line 1 of resource class path resource [org/springframework/batch/core/schema-mysql.sql]: CREATE TABLE BATCH_JOB_INSTANCE ( JOB_INSTANCE_ID BIGINT NOT NULL PRIMARY KEY , VERSION BIGINT , JOB_NAME VARCHAR(100) NOT NULL, JOB_KEY VARCHAR(32) NOT NULL, constraint JOB_INST_UN unique (JOB_NAME, JOB_KEY) ) ENGINE=InnoDB
	at org.springframework.jdbc.datasource.init.ResourceDatabasePopulator.executeSqlScript(ResourceDatabasePopulator.java:201)
	at org.springframework.jdbc.datasource.init.ResourceDatabasePopulator.populate(ResourceDatabasePopulator.java:134)
	at org.springframework.jdbc.datasource.init.CompositeDatabasePopulator.populate(CompositeDatabasePopulator.java:55)
	at org.springframework.jdbc.datasource.init.DatabasePopulatorUtils.execute(DatabasePopulatorUtils.java:47)
	... 48 more
Caused by: com.mysql.jdbc.exceptions.jdbc4.MySQLSyntaxErrorException: Table &apos;batch_job_instance&apos; already exists
	at sun.reflect.NativeConstructorAccessorImpl.newInstance0(Native Method)
	at sun.reflect.NativeConstructorAccessorImpl.newInstance(NativeConstructorAccessorImpl.java:39)
	at sun.reflect.DelegatingConstructorAccessorImpl.newInstance(DelegatingConstructorAccessorImpl.java:27)
	at java.lang.reflect.Constructor.newInstance(Constructor.java:513)
	at com.mysql.jdbc.Util.handleNewInstance(Util.java:406)
	at com.mysql.jdbc.Util.getInstance(Util.java:381)
	at com.mysql.jdbc.SQLError.createSQLException(SQLError.java:1030)
	at com.mysql.jdbc.SQLError.createSQLException(SQLError.java:956)
	at com.mysql.jdbc.MysqlIO.checkErrorPacket(MysqlIO.java:3491)
	at com.mysql.jdbc.MysqlIO.checkErrorPacket(MysqlIO.java:3423)
	at com.mysql.jdbc.MysqlIO.sendCommand(MysqlIO.java:1936)
	at com.mysql.jdbc.MysqlIO.sqlQueryDirect(MysqlIO.java:2060)
	at com.mysql.jdbc.ConnectionImpl.execSQL(ConnectionImpl.java:2536)
	at com.mysql.jdbc.ConnectionImpl.execSQL(ConnectionImpl.java:2465)
	at com.mysql.jdbc.StatementImpl.execute(StatementImpl.java:734)
	at org.apache.commons.dbcp.DelegatingStatement.execute(DelegatingStatement.java:264)
	at org.apache.commons.dbcp.DelegatingStatement.execute(DelegatingStatement.java:264)
	at org.springframework.jdbc.datasource.init.ResourceDatabasePopulator.executeSqlScript(ResourceDatabasePopulator.java:186)
	... 51 more
</system-err>
  </testcase>
</testsuite>